#
# There is insufficient memory for the Java Runtime Environment to continue.
# Native memory allocation (mmap) failed to map 1048576 bytes for G1 virtual space
# Possible reasons:
#   The system is out of physical RAM or swap space
#   The process is running with CompressedOops enabled, and the Java Heap may be blocking the growth of the native heap
# Possible solutions:
#   Reduce memory load on the system
#   Increase physical memory or swap space
#   Check if swap backing store is full
#   Decrease Java heap size (-Xmx/-Xms)
#   Decrease number of Java threads
#   Decrease Java thread stack sizes (-Xss)
#   Set larger code cache with -XX:ReservedCodeCacheSize=
#   JVM is running with Unscaled Compressed Oops mode in which the Java heap is
#     placed in the first 4GB address space. The Java Heap base address is the
#     maximum limit for the native heap growth. Please use -XX:HeapBaseMinAddress
#     to set the Java Heap base and to place the Java Heap above 4GB virtual address.
# This output file may be truncated or incomplete.
#
#  Out of Memory Error (os_windows.cpp:3466), pid=8060, tid=28224
#
# JRE version: OpenJDK Runtime Environment (16.0.2+7) (build 16.0.2+7-67)
# Java VM: OpenJDK 64-Bit Server VM (16.0.2+7-67, mixed mode, tiered, compressed oops, compressed class ptrs, g1 gc, windows-amd64)
# No core dump will be written. Minidumps are not enabled by default on client versions of Windows
#

---------------  S U M M A R Y ------------

Command Line: -Dfile.encoding=GBK --module-path=D:\java实验\mysql-connector-java-8.0.27\mysql-connector-java-8.0.27.jar;D:\java实验\mysql-connector-java-8.0.27-bin.jar -XX:+ShowCodeDetailsInExceptionMessages mypackage.Menu

Host: Intel(R) Core(TM) i5-1035G1 CPU @ 1.00GHz, 8 cores, 7G,  Windows 10 , 64 bit Build 19041 (10.0.19041.1348)
Time: Wed Nov 17 10:43:48 2021  Windows 10 , 64 bit Build 19041 (10.0.19041.1348) elapsed time: 0.508405 seconds (0d 0h 0m 0s)

---------------  T H R E A D  ---------------

Current thread (0x000001f36facdfa0):  JavaThread "Image Fetcher 0" daemon [_thread_in_vm, id=28224, stack(0x00000020cfc00000,0x00000020cfd00000)]

Stack: [0x00000020cfc00000,0x00000020cfd00000]
Native frames: (J=compiled Java code, j=interpreted, Vv=VM code, C=native code)
V  [jvm.dll+0x6681ca]
V  [jvm.dll+0x7c9e69]
V  [jvm.dll+0x7cb61e]
V  [jvm.dll+0x7cbc73]
V  [jvm.dll+0x242c55]
V  [jvm.dll+0x664f89]
V  [jvm.dll+0x659b75]
V  [jvm.dll+0x2fbfbb]
V  [jvm.dll+0x3031b6]
V  [jvm.dll+0x35268b]
V  [jvm.dll+0x352cb0]
V  [jvm.dll+0x352866]
V  [jvm.dll+0x2d3804]
V  [jvm.dll+0x2cecd3]
V  [jvm.dll+0x5fbf63]
V  [jvm.dll+0x20fee5]
V  [jvm.dll+0x796e66]
V  [jvm.dll+0x377eaa]
C  0x000001f3583ac32d

Java frames: (J=compiled Java code, j=interpreted, Vv=VM code)
j  java.awt.image.DataBufferInt.<init>(I)V+11 java.desktop@16.0.2
j  java.awt.image.Raster.createPackedRaster(III[ILjava/awt/Point;)Ljava/awt/image/WritableRaster;+69 java.desktop@16.0.2
j  java.awt.image.DirectColorModel.createCompatibleWritableRaster(II)Ljava/awt/image/WritableRaster;+83 java.desktop@16.0.2
j  sun.awt.image.ImageRepresentation.createBufferedImage()V+18 java.desktop@16.0.2
j  sun.awt.image.ImageRepresentation.setPixels(IIIILjava/awt/image/ColorModel;[III)V+47 java.desktop@16.0.2
j  sun.awt.image.ImageDecoder.setPixels(IIIILjava/awt/image/ColorModel;[III)I+44 java.desktop@16.0.2
j  sun.awt.image.JPEGImageDecoder.sendPixels([II)Z+14 java.desktop@16.0.2
v  ~StubRoutines::call_stub
j  sun.awt.image.JPEGImageDecoder.readImage(Ljava/io/InputStream;[B)V+0 java.desktop@16.0.2
j  sun.awt.image.JPEGImageDecoder.produceImage()V+10 java.desktop@16.0.2
j  sun.awt.image.InputStreamImageSource.doFetch()V+51 java.desktop@16.0.2
j  sun.awt.image.ImageFetcher.fetchloop()V+31 java.desktop@16.0.2
j  sun.awt.image.ImageFetcher.run()V+5 java.desktop@16.0.2
v  ~StubRoutines::call_stub

---------------  P R O C E S S  ---------------

Threads class SMR info:
_java_thread_list=0x000001f36f8bbbe0, length=17, elements={
0x000001f354e0f540, 0x000001f36f400080, 0x000001f36f400a80, 0x000001f36eaee760,
0x000001f36f426e00, 0x000001f36f427710, 0x000001f36f428020, 0x000001f36f428d50,
0x000001f36f42cd40, 0x000001f36f481030, 0x000001f36f591320, 0x000001f36f6d17d0,
0x000001f36f865030, 0x000001f36f8e6b50, 0x000001f36fa31450, 0x000001f36fa36440,
0x000001f36facdfa0
}

Java Threads: ( => current thread )
  0x000001f354e0f540 JavaThread "main" [_thread_blocked, id=28604, stack(0x00000020ce500000,0x00000020ce600000)]
  0x000001f36f400080 JavaThread "Reference Handler" daemon [_thread_blocked, id=32732, stack(0x00000020cec00000,0x00000020ced00000)]
  0x000001f36f400a80 JavaThread "Finalizer" daemon [_thread_blocked, id=30252, stack(0x00000020ced00000,0x00000020cee00000)]
  0x000001f36eaee760 JavaThread "Signal Dispatcher" daemon [_thread_blocked, id=32416, stack(0x00000020cee00000,0x00000020cef00000)]
  0x000001f36f426e00 JavaThread "Attach Listener" daemon [_thread_blocked, id=30488, stack(0x00000020cef00000,0x00000020cf000000)]
  0x000001f36f427710 JavaThread "Service Thread" daemon [_thread_blocked, id=31672, stack(0x00000020cf000000,0x00000020cf100000)]
  0x000001f36f428020 JavaThread "Monitor Deflation Thread" daemon [_thread_blocked, id=28724, stack(0x00000020cf100000,0x00000020cf200000)]
  0x000001f36f428d50 JavaThread "C2 CompilerThread0" daemon [_thread_blocked, id=31712, stack(0x00000020cf200000,0x00000020cf300000)]
  0x000001f36f42cd40 JavaThread "C1 CompilerThread0" daemon [_thread_blocked, id=26960, stack(0x00000020cf300000,0x00000020cf400000)]
  0x000001f36f481030 JavaThread "Sweeper thread" daemon [_thread_blocked, id=31960, stack(0x00000020cf400000,0x00000020cf500000)]
  0x000001f36f591320 JavaThread "Common-Cleaner" daemon [_thread_blocked, id=22188, stack(0x00000020cf500000,0x00000020cf600000)]
  0x000001f36f6d17d0 JavaThread "C2 CompilerThread1" daemon [_thread_blocked, id=12784, stack(0x00000020cf600000,0x00000020cf700000)]
  0x000001f36f865030 JavaThread "Notification Thread" daemon [_thread_blocked, id=30236, stack(0x00000020cf700000,0x00000020cf800000)]
  0x000001f36f8e6b50 JavaThread "Java2D Disposer" daemon [_thread_blocked, id=23260, stack(0x00000020cf900000,0x00000020cfa00000)]
  0x000001f36fa31450 JavaThread "AWT-Shutdown" [_thread_blocked, id=25008, stack(0x00000020cfa00000,0x00000020cfb00000)]
  0x000001f36fa36440 JavaThread "AWT-Windows" daemon [_thread_in_native, id=30952, stack(0x00000020cfb00000,0x00000020cfc00000)]
=>0x000001f36facdfa0 JavaThread "Image Fetcher 0" daemon [_thread_in_vm, id=28224, stack(0x00000020cfc00000,0x00000020cfd00000)]

Other Threads:
  0x000001f36eac9c00 VMThread "VM Thread" [stack: 0x00000020ceb00000,0x00000020cec00000] [id=32304]
  0x000001f354e10450 WatcherThread [stack: 0x00000020cf800000,0x00000020cf900000] [id=11660]
  0x000001f354e50f50 GCTaskThread "GC Thread#0" [stack: 0x00000020ce600000,0x00000020ce700000] [id=25668]
  0x000001f36fa8ea60 GCTaskThread "GC Thread#1" [stack: 0x00000020cfd00000,0x00000020cfe00000] [id=30920]
  0x000001f36fa8ed70 GCTaskThread "GC Thread#2" [stack: 0x00000020cfe00000,0x00000020cff00000] [id=31484]
  0x000001f36f9613b0 GCTaskThread "GC Thread#3" [stack: 0x00000020cff00000,0x00000020d0000000] [id=19320]
  0x000001f36f9616c0 GCTaskThread "GC Thread#4" [stack: 0x00000020d0000000,0x00000020d0100000] [id=31264]
  0x000001f36f9619d0 GCTaskThread "GC Thread#5" [stack: 0x00000020d0100000,0x00000020d0200000] [id=5520]
  0x000001f354e61890 ConcurrentGCThread "G1 Main Marker" [stack: 0x00000020ce700000,0x00000020ce800000] [id=3468]
  0x000001f354e63b30 ConcurrentGCThread "G1 Conc#0" [stack: 0x00000020ce800000,0x00000020ce900000] [id=24924]
  0x000001f354ee4490 ConcurrentGCThread "G1 Refine#0" [stack: 0x00000020ce900000,0x00000020cea00000] [id=28116]
  0x000001f36e9120b0 ConcurrentGCThread "G1 Service" [stack: 0x00000020cea00000,0x00000020ceb00000] [id=31304]

Threads with active compile tasks:

VM state: not at safepoint (normal execution)

VM Mutex/Monitor currently owned by a thread:  ([mutex/lock_event])
[0x000001f354e0b690] Heap_lock - owner thread: 0x000001f36facdfa0

Heap address: 0x0000000084000000, size: 1984 MB, Compressed Oops mode: 32-bit

CDS disabled.
Compressed class space mapped at: 0x0000000100000000-0x0000000140000000, reserved size: 1073741824
Narrow klass base: 0x0000000000000000, Narrow klass shift: 3, Narrow klass range: 0x140000000

GC Precious Log:
 CPUs: 8 total, 8 available
 Memory: 7935M
 Large Page Support: Disabled
 NUMA Support: Disabled
 Compressed Oops: Enabled (32-bit)
 Heap Region Size: 1M
 Heap Min Capacity: 8M
 Heap Initial Capacity: 124M
 Heap Max Capacity: 1984M
 Pre-touch: Disabled
 Parallel Workers: 8
 Concurrent Workers: 2
 Concurrent Refinement Workers: 8
 Periodic GC: Disabled

Heap:
 garbage-first heap   total 195584K, used 1829K [0x0000000084000000, 0x0000000100000000)
  region size 1024K, 2 young (2048K), 2 survivors (2048K)
 Metaspace       used 11468K, committed 11648K, reserved 1064960K
  class space    used 1105K, committed 1216K, reserved 1048576K

Heap Regions: E=young(eden), S=young(survivor), O=old, HS=humongous(starts), HC=humongous(continues), CS=collection set, F=free, OA=open archive, CA=closed archive, TAMS=top-at-mark-start (previous, next)
|   0|0x0000000084000000, 0x0000000084000000, 0x0000000084100000|  0%| F|  |TAMS 0x0000000084000000, 0x0000000084000000| Untracked 
|   1|0x0000000084100000, 0x0000000084100000, 0x0000000084200000|  0%| F|  |TAMS 0x0000000084100000, 0x0000000084100000| Untracked 
|   2|0x0000000084200000, 0x0000000084200000, 0x0000000084300000|  0%| F|  |TAMS 0x0000000084200000, 0x0000000084200000| Untracked 
|   3|0x0000000084300000, 0x0000000084300000, 0x0000000084400000|  0%| F|  |TAMS 0x0000000084300000, 0x0000000084300000| Untracked 
|   4|0x0000000084400000, 0x0000000084400000, 0x0000000084500000|  0%| F|  |TAMS 0x0000000084400000, 0x0000000084400000| Untracked 
|   5|0x0000000084500000, 0x0000000084500000, 0x0000000084600000|  0%| F|  |TAMS 0x0000000084500000, 0x0000000084500000| Untracked 
|   6|0x0000000084600000, 0x0000000084600000, 0x0000000084700000|  0%| F|  |TAMS 0x0000000084600000, 0x0000000084600000| Untracked 
|   7|0x0000000084700000, 0x0000000084700000, 0x0000000084800000|  0%| F|  |TAMS 0x0000000084700000, 0x0000000084700000| Untracked 
|   8|0x0000000084800000, 0x0000000084800000, 0x0000000084900000|  0%| F|  |TAMS 0x0000000084800000, 0x0000000084800000| Untracked 
|   9|0x0000000084900000, 0x0000000084900000, 0x0000000084a00000|  0%| F|  |TAMS 0x0000000084900000, 0x0000000084900000| Untracked 
|  10|0x0000000084a00000, 0x0000000084a00000, 0x0000000084b00000|  0%| F|  |TAMS 0x0000000084a00000, 0x0000000084a00000| Untracked 
|  11|0x0000000084b00000, 0x0000000084b00000, 0x0000000084c00000|  0%| F|  |TAMS 0x0000000084b00000, 0x0000000084b00000| Untracked 
|  12|0x0000000084c00000, 0x0000000084c00000, 0x0000000084d00000|  0%| F|  |TAMS 0x0000000084c00000, 0x0000000084c00000| Untracked 
|  13|0x0000000084d00000, 0x0000000084d00000, 0x0000000084e00000|  0%| F|  |TAMS 0x0000000084d00000, 0x0000000084d00000| Untracked 
|  14|0x0000000084e00000, 0x0000000084e00000, 0x0000000084f00000|  0%| F|  |TAMS 0x0000000084e00000, 0x0000000084e00000| Untracked 
|  15|0x0000000084f00000, 0x0000000084f00000, 0x0000000085000000|  0%| F|  |TAMS 0x0000000084f00000, 0x0000000084f00000| Untracked 
|  16|0x0000000085000000, 0x0000000085000000, 0x0000000085100000|  0%| F|  |TAMS 0x0000000085000000, 0x0000000085000000| Untracked 
|  17|0x0000000085100000, 0x0000000085100000, 0x0000000085200000|  0%| F|  |TAMS 0x0000000085100000, 0x0000000085100000| Untracked 
|  18|0x0000000085200000, 0x0000000085200000, 0x0000000085300000|  0%| F|  |TAMS 0x0000000085200000, 0x0000000085200000| Untracked 
|  19|0x0000000085300000, 0x0000000085300000, 0x0000000085400000|  0%| F|  |TAMS 0x0000000085300000, 0x0000000085300000| Untracked 
|  20|0x0000000085400000, 0x0000000085400000, 0x0000000085500000|  0%| F|  |TAMS 0x0000000085400000, 0x0000000085400000| Untracked 
|  21|0x0000000085500000, 0x0000000085500000, 0x0000000085600000|  0%| F|  |TAMS 0x0000000085500000, 0x0000000085500000| Untracked 
|  22|0x0000000085600000, 0x0000000085600000, 0x0000000085700000|  0%| F|  |TAMS 0x0000000085600000, 0x0000000085600000| Untracked 
|  23|0x0000000085700000, 0x0000000085700000, 0x0000000085800000|  0%| F|  |TAMS 0x0000000085700000, 0x0000000085700000| Untracked 
|  24|0x0000000085800000, 0x0000000085800000, 0x0000000085900000|  0%| F|  |TAMS 0x0000000085800000, 0x0000000085800000| Untracked 
|  25|0x0000000085900000, 0x0000000085900000, 0x0000000085a00000|  0%| F|  |TAMS 0x0000000085900000, 0x0000000085900000| Untracked 
|  26|0x0000000085a00000, 0x0000000085a00000, 0x0000000085b00000|  0%| F|  |TAMS 0x0000000085a00000, 0x0000000085a00000| Untracked 
|  27|0x0000000085b00000, 0x0000000085b00000, 0x0000000085c00000|  0%| F|  |TAMS 0x0000000085b00000, 0x0000000085b00000| Untracked 
|  28|0x0000000085c00000, 0x0000000085c00000, 0x0000000085d00000|  0%| F|  |TAMS 0x0000000085c00000, 0x0000000085c00000| Untracked 
|  29|0x0000000085d00000, 0x0000000085d00000, 0x0000000085e00000|  0%| F|  |TAMS 0x0000000085d00000, 0x0000000085d00000| Untracked 
|  30|0x0000000085e00000, 0x0000000085e00000, 0x0000000085f00000|  0%| F|  |TAMS 0x0000000085e00000, 0x0000000085e00000| Untracked 
|  31|0x0000000085f00000, 0x0000000085f00000, 0x0000000086000000|  0%| F|  |TAMS 0x0000000085f00000, 0x0000000085f00000| Untracked 
|  32|0x0000000086000000, 0x0000000086000000, 0x0000000086100000|  0%| F|  |TAMS 0x0000000086000000, 0x0000000086000000| Untracked 
|  33|0x0000000086100000, 0x0000000086100000, 0x0000000086200000|  0%| F|  |TAMS 0x0000000086100000, 0x0000000086100000| Untracked 
|  34|0x0000000086200000, 0x0000000086200000, 0x0000000086300000|  0%| F|  |TAMS 0x0000000086200000, 0x0000000086200000| Untracked 
|  35|0x0000000086300000, 0x0000000086300000, 0x0000000086400000|  0%| F|  |TAMS 0x0000000086300000, 0x0000000086300000| Untracked 
|  36|0x0000000086400000, 0x0000000086400000, 0x0000000086500000|  0%| F|  |TAMS 0x0000000086400000, 0x0000000086400000| Untracked 
|  37|0x0000000086500000, 0x0000000086500000, 0x0000000086600000|  0%| F|  |TAMS 0x0000000086500000, 0x0000000086500000| Untracked 
|  38|0x0000000086600000, 0x0000000086600000, 0x0000000086700000|  0%| F|  |TAMS 0x0000000086600000, 0x0000000086600000| Untracked 
|  39|0x0000000086700000, 0x0000000086700000, 0x0000000086800000|  0%| F|  |TAMS 0x0000000086700000, 0x0000000086700000| Untracked 
|  40|0x0000000086800000, 0x0000000086800000, 0x0000000086900000|  0%| F|  |TAMS 0x0000000086800000, 0x0000000086800000| Untracked 
|  41|0x0000000086900000, 0x0000000086900000, 0x0000000086a00000|  0%| F|  |TAMS 0x0000000086900000, 0x0000000086900000| Untracked 
|  42|0x0000000086a00000, 0x0000000086a00000, 0x0000000086b00000|  0%| F|  |TAMS 0x0000000086a00000, 0x0000000086a00000| Untracked 
|  43|0x0000000086b00000, 0x0000000086b00000, 0x0000000086c00000|  0%| F|  |TAMS 0x0000000086b00000, 0x0000000086b00000| Untracked 
|  44|0x0000000086c00000, 0x0000000086c00000, 0x0000000086d00000|  0%| F|  |TAMS 0x0000000086c00000, 0x0000000086c00000| Untracked 
|  45|0x0000000086d00000, 0x0000000086d00000, 0x0000000086e00000|  0%| F|  |TAMS 0x0000000086d00000, 0x0000000086d00000| Untracked 
|  46|0x0000000086e00000, 0x0000000086e00000, 0x0000000086f00000|  0%| F|  |TAMS 0x0000000086e00000, 0x0000000086e00000| Untracked 
|  47|0x0000000086f00000, 0x0000000086f00000, 0x0000000087000000|  0%| F|  |TAMS 0x0000000086f00000, 0x0000000086f00000| Untracked 
|  48|0x0000000087000000, 0x0000000087000000, 0x0000000087100000|  0%| F|  |TAMS 0x0000000087000000, 0x0000000087000000| Untracked 
|  49|0x0000000087100000, 0x0000000087100000, 0x0000000087200000|  0%| F|  |TAMS 0x0000000087100000, 0x0000000087100000| Untracked 
|  50|0x0000000087200000, 0x0000000087200000, 0x0000000087300000|  0%| F|  |TAMS 0x0000000087200000, 0x0000000087200000| Untracked 
|  51|0x0000000087300000, 0x0000000087300000, 0x0000000087400000|  0%| F|  |TAMS 0x0000000087300000, 0x0000000087300000| Untracked 
|  52|0x0000000087400000, 0x0000000087400000, 0x0000000087500000|  0%| F|  |TAMS 0x0000000087400000, 0x0000000087400000| Untracked 
|  53|0x0000000087500000, 0x0000000087500000, 0x0000000087600000|  0%| F|  |TAMS 0x0000000087500000, 0x0000000087500000| Untracked 
|  54|0x0000000087600000, 0x0000000087600000, 0x0000000087700000|  0%| F|  |TAMS 0x0000000087600000, 0x0000000087600000| Untracked 
|  55|0x0000000087700000, 0x0000000087700000, 0x0000000087800000|  0%| F|  |TAMS 0x0000000087700000, 0x0000000087700000| Untracked 
|  56|0x0000000087800000, 0x0000000087800000, 0x0000000087900000|  0%| F|  |TAMS 0x0000000087800000, 0x0000000087800000| Untracked 
|  57|0x0000000087900000, 0x0000000087900000, 0x0000000087a00000|  0%| F|  |TAMS 0x0000000087900000, 0x0000000087900000| Untracked 
|  58|0x0000000087a00000, 0x0000000087a00000, 0x0000000087b00000|  0%| F|  |TAMS 0x0000000087a00000, 0x0000000087a00000| Untracked 
|  59|0x0000000087b00000, 0x0000000087b00000, 0x0000000087c00000|  0%| F|  |TAMS 0x0000000087b00000, 0x0000000087b00000| Untracked 
|  60|0x0000000087c00000, 0x0000000087c00000, 0x0000000087d00000|  0%| F|  |TAMS 0x0000000087c00000, 0x0000000087c00000| Untracked 
|  61|0x0000000087d00000, 0x0000000087d00000, 0x0000000087e00000|  0%| F|  |TAMS 0x0000000087d00000, 0x0000000087d00000| Untracked 
|  62|0x0000000087e00000, 0x0000000087e00000, 0x0000000087f00000|  0%| F|  |TAMS 0x0000000087e00000, 0x0000000087e00000| Untracked 
|  63|0x0000000087f00000, 0x0000000087f00000, 0x0000000088000000|  0%| F|  |TAMS 0x0000000087f00000, 0x0000000087f00000| Untracked 
|  64|0x0000000088000000, 0x0000000088000000, 0x0000000088100000|  0%| F|  |TAMS 0x0000000088000000, 0x0000000088000000| Untracked 
|  65|0x0000000088100000, 0x0000000088100000, 0x0000000088200000|  0%| F|  |TAMS 0x0000000088100000, 0x0000000088100000| Untracked 
|  66|0x0000000088200000, 0x0000000088200000, 0x0000000088300000|  0%| F|  |TAMS 0x0000000088200000, 0x0000000088200000| Untracked 
|  67|0x0000000088300000, 0x0000000088300000, 0x0000000088400000|  0%| F|  |TAMS 0x0000000088300000, 0x0000000088300000| Untracked 
|  68|0x0000000088400000, 0x0000000088400000, 0x0000000088500000|  0%| F|  |TAMS 0x0000000088400000, 0x0000000088400000| Untracked 
|  69|0x0000000088500000, 0x0000000088500000, 0x0000000088600000|  0%| F|  |TAMS 0x0000000088500000, 0x0000000088500000| Untracked 
|  70|0x0000000088600000, 0x0000000088600000, 0x0000000088700000|  0%| F|  |TAMS 0x0000000088600000, 0x0000000088600000| Untracked 
|  71|0x0000000088700000, 0x0000000088700000, 0x0000000088800000|  0%| F|  |TAMS 0x0000000088700000, 0x0000000088700000| Untracked 
|  72|0x0000000088800000, 0x0000000088800000, 0x0000000088900000|  0%| F|  |TAMS 0x0000000088800000, 0x0000000088800000| Untracked 
|  73|0x0000000088900000, 0x0000000088900000, 0x0000000088a00000|  0%| F|  |TAMS 0x0000000088900000, 0x0000000088900000| Untracked 
|  74|0x0000000088a00000, 0x0000000088a00000, 0x0000000088b00000|  0%| F|  |TAMS 0x0000000088a00000, 0x0000000088a00000| Untracked 
|  75|0x0000000088b00000, 0x0000000088b00000, 0x0000000088c00000|  0%| F|  |TAMS 0x0000000088b00000, 0x0000000088b00000| Untracked 
|  76|0x0000000088c00000, 0x0000000088c00000, 0x0000000088d00000|  0%| F|  |TAMS 0x0000000088c00000, 0x0000000088c00000| Untracked 
|  77|0x0000000088d00000, 0x0000000088d00000, 0x0000000088e00000|  0%| F|  |TAMS 0x0000000088d00000, 0x0000000088d00000| Untracked 
|  78|0x0000000088e00000, 0x0000000088e00000, 0x0000000088f00000|  0%| F|  |TAMS 0x0000000088e00000, 0x0000000088e00000| Untracked 
|  79|0x0000000088f00000, 0x0000000088f00000, 0x0000000089000000|  0%| F|  |TAMS 0x0000000088f00000, 0x0000000088f00000| Untracked 
|  80|0x0000000089000000, 0x0000000089000000, 0x0000000089100000|  0%| F|  |TAMS 0x0000000089000000, 0x0000000089000000| Untracked 
|  81|0x0000000089100000, 0x0000000089100000, 0x0000000089200000|  0%| F|  |TAMS 0x0000000089100000, 0x0000000089100000| Untracked 
|  82|0x0000000089200000, 0x0000000089200000, 0x0000000089300000|  0%| F|  |TAMS 0x0000000089200000, 0x0000000089200000| Untracked 
|  83|0x0000000089300000, 0x0000000089300000, 0x0000000089400000|  0%| F|  |TAMS 0x0000000089300000, 0x0000000089300000| Untracked 
|  84|0x0000000089400000, 0x0000000089400000, 0x0000000089500000|  0%| F|  |TAMS 0x0000000089400000, 0x0000000089400000| Untracked 
|  85|0x0000000089500000, 0x0000000089500000, 0x0000000089600000|  0%| F|  |TAMS 0x0000000089500000, 0x0000000089500000| Untracked 
|  86|0x0000000089600000, 0x0000000089600000, 0x0000000089700000|  0%| F|  |TAMS 0x0000000089600000, 0x0000000089600000| Untracked 
|  87|0x0000000089700000, 0x0000000089700000, 0x0000000089800000|  0%| F|  |TAMS 0x0000000089700000, 0x0000000089700000| Untracked 
|  88|0x0000000089800000, 0x0000000089800000, 0x0000000089900000|  0%| F|  |TAMS 0x0000000089800000, 0x0000000089800000| Untracked 
|  89|0x0000000089900000, 0x0000000089900000, 0x0000000089a00000|  0%| F|  |TAMS 0x0000000089900000, 0x0000000089900000| Untracked 
|  90|0x0000000089a00000, 0x0000000089a00000, 0x0000000089b00000|  0%| F|  |TAMS 0x0000000089a00000, 0x0000000089a00000| Untracked 
|  91|0x0000000089b00000, 0x0000000089b00000, 0x0000000089c00000|  0%| F|  |TAMS 0x0000000089b00000, 0x0000000089b00000| Untracked 
|  92|0x0000000089c00000, 0x0000000089c00000, 0x0000000089d00000|  0%| F|  |TAMS 0x0000000089c00000, 0x0000000089c00000| Untracked 
|  93|0x0000000089d00000, 0x0000000089d00000, 0x0000000089e00000|  0%| F|  |TAMS 0x0000000089d00000, 0x0000000089d00000| Untracked 
|  94|0x0000000089e00000, 0x0000000089e00000, 0x0000000089f00000|  0%| F|  |TAMS 0x0000000089e00000, 0x0000000089e00000| Untracked 
|  95|0x0000000089f00000, 0x0000000089f00000, 0x000000008a000000|  0%| F|  |TAMS 0x0000000089f00000, 0x0000000089f00000| Untracked 
|  96|0x000000008a000000, 0x000000008a000000, 0x000000008a100000|  0%| F|  |TAMS 0x000000008a000000, 0x000000008a000000| Untracked 
|  97|0x000000008a100000, 0x000000008a100000, 0x000000008a200000|  0%| F|  |TAMS 0x000000008a100000, 0x000000008a100000| Untracked 
|  98|0x000000008a200000, 0x000000008a200000, 0x000000008a300000|  0%| F|  |TAMS 0x000000008a200000, 0x000000008a200000| Untracked 
|  99|0x000000008a300000, 0x000000008a300000, 0x000000008a400000|  0%| F|  |TAMS 0x000000008a300000, 0x000000008a300000| Untracked 
| 100|0x000000008a400000, 0x000000008a400000, 0x000000008a500000|  0%| F|  |TAMS 0x000000008a400000, 0x000000008a400000| Untracked 
| 101|0x000000008a500000, 0x000000008a500000, 0x000000008a600000|  0%| F|  |TAMS 0x000000008a500000, 0x000000008a500000| Untracked 
| 102|0x000000008a600000, 0x000000008a600000, 0x000000008a700000|  0%| F|  |TAMS 0x000000008a600000, 0x000000008a600000| Untracked 
| 103|0x000000008a700000, 0x000000008a700000, 0x000000008a800000|  0%| F|  |TAMS 0x000000008a700000, 0x000000008a700000| Untracked 
| 104|0x000000008a800000, 0x000000008a800000, 0x000000008a900000|  0%| F|  |TAMS 0x000000008a800000, 0x000000008a800000| Untracked 
| 105|0x000000008a900000, 0x000000008a900000, 0x000000008aa00000|  0%| F|  |TAMS 0x000000008a900000, 0x000000008a900000| Untracked 
| 106|0x000000008aa00000, 0x000000008aa00000, 0x000000008ab00000|  0%| F|  |TAMS 0x000000008aa00000, 0x000000008aa00000| Untracked 
| 107|0x000000008ab00000, 0x000000008ab00000, 0x000000008ac00000|  0%| F|  |TAMS 0x000000008ab00000, 0x000000008ab00000| Untracked 
| 108|0x000000008ac00000, 0x000000008ac00000, 0x000000008ad00000|  0%| F|  |TAMS 0x000000008ac00000, 0x000000008ac00000| Untracked 
| 109|0x000000008ad00000, 0x000000008ad00000, 0x000000008ae00000|  0%| F|  |TAMS 0x000000008ad00000, 0x000000008ad00000| Untracked 
| 110|0x000000008ae00000, 0x000000008ae00000, 0x000000008af00000|  0%| F|  |TAMS 0x000000008ae00000, 0x000000008ae00000| Untracked 
| 111|0x000000008af00000, 0x000000008af00000, 0x000000008b000000|  0%| F|  |TAMS 0x000000008af00000, 0x000000008af00000| Untracked 
| 112|0x000000008b000000, 0x000000008b000000, 0x000000008b100000|  0%| F|  |TAMS 0x000000008b000000, 0x000000008b000000| Untracked 
| 113|0x000000008b100000, 0x000000008b100000, 0x000000008b200000|  0%| F|  |TAMS 0x000000008b100000, 0x000000008b100000| Untracked 
| 114|0x000000008b200000, 0x000000008b2c9550, 0x000000008b300000| 78%| S|CS|TAMS 0x000000008b200000, 0x000000008b200000| Complete 
| 115|0x000000008b300000, 0x000000008b400000, 0x000000008b400000|100%| S|CS|TAMS 0x000000008b300000, 0x000000008b300000| Complete 
| 116|0x000000008b400000, 0x000000008b400000, 0x000000008b500000|  0%| F|  |TAMS 0x000000008b400000, 0x000000008b400000| Untracked 
| 117|0x000000008b500000, 0x000000008b500000, 0x000000008b600000|  0%| F|  |TAMS 0x000000008b500000, 0x000000008b500000| Untracked 
| 118|0x000000008b600000, 0x000000008b600000, 0x000000008b700000|  0%| F|  |TAMS 0x000000008b600000, 0x000000008b600000| Untracked 
| 119|0x000000008b700000, 0x000000008b700000, 0x000000008b800000|  0%| F|  |TAMS 0x000000008b700000, 0x000000008b700000| Untracked 
| 120|0x000000008b800000, 0x000000008b800000, 0x000000008b900000|  0%| F|  |TAMS 0x000000008b800000, 0x000000008b800000| Untracked 
| 121|0x000000008b900000, 0x000000008b900000, 0x000000008ba00000|  0%| F|  |TAMS 0x000000008b900000, 0x000000008b900000| Untracked 
| 122|0x000000008ba00000, 0x000000008ba00000, 0x000000008bb00000|  0%| F|  |TAMS 0x000000008ba00000, 0x000000008ba00000| Untracked 
| 123|0x000000008bb00000, 0x000000008bb00000, 0x000000008bc00000|  0%| F|  |TAMS 0x000000008bb00000, 0x000000008bb00000| Untracked 
| 124|0x000000008bc00000, 0x000000008bc00000, 0x000000008bd00000|  0%| F|  |TAMS 0x000000008bc00000, 0x000000008bc00000| Untracked 
| 125|0x000000008bd00000, 0x000000008bd00000, 0x000000008be00000|  0%| F|  |TAMS 0x000000008bd00000, 0x000000008bd00000| Untracked 
| 126|0x000000008be00000, 0x000000008be00000, 0x000000008bf00000|  0%| F|  |TAMS 0x000000008be00000, 0x000000008be00000| Untracked 
| 127|0x000000008bf00000, 0x000000008bf00000, 0x000000008c000000|  0%| F|  |TAMS 0x000000008bf00000, 0x000000008bf00000| Untracked 
| 128|0x000000008c000000, 0x000000008c000000, 0x000000008c100000|  0%| F|  |TAMS 0x000000008c000000, 0x000000008c000000| Untracked 
| 129|0x000000008c100000, 0x000000008c100000, 0x000000008c200000|  0%| F|  |TAMS 0x000000008c100000, 0x000000008c100000| Untracked 
| 130|0x000000008c200000, 0x000000008c200000, 0x000000008c300000|  0%| F|  |TAMS 0x000000008c200000, 0x000000008c200000| Untracked 
| 131|0x000000008c300000, 0x000000008c300000, 0x000000008c400000|  0%| F|  |TAMS 0x000000008c300000, 0x000000008c300000| Untracked 
| 132|0x000000008c400000, 0x000000008c400000, 0x000000008c500000|  0%| F|  |TAMS 0x000000008c400000, 0x000000008c400000| Untracked 
| 133|0x000000008c500000, 0x000000008c500000, 0x000000008c600000|  0%| F|  |TAMS 0x000000008c500000, 0x000000008c500000| Untracked 
| 134|0x000000008c600000, 0x000000008c600000, 0x000000008c700000|  0%| F|  |TAMS 0x000000008c600000, 0x000000008c600000| Untracked 
| 135|0x000000008c700000, 0x000000008c700000, 0x000000008c800000|  0%| F|  |TAMS 0x000000008c700000, 0x000000008c700000| Untracked 
| 136|0x000000008c800000, 0x000000008c800000, 0x000000008c900000|  0%| F|  |TAMS 0x000000008c800000, 0x000000008c800000| Untracked 
| 137|0x000000008c900000, 0x000000008c900000, 0x000000008ca00000|  0%| F|  |TAMS 0x000000008c900000, 0x000000008c900000| Untracked 
| 138|0x000000008ca00000, 0x000000008ca00000, 0x000000008cb00000|  0%| F|  |TAMS 0x000000008ca00000, 0x000000008ca00000| Untracked 
| 139|0x000000008cb00000, 0x000000008cb00000, 0x000000008cc00000|  0%| F|  |TAMS 0x000000008cb00000, 0x000000008cb00000| Untracked 
| 140|0x000000008cc00000, 0x000000008cc00000, 0x000000008cd00000|  0%| F|  |TAMS 0x000000008cc00000, 0x000000008cc00000| Untracked 
| 141|0x000000008cd00000, 0x000000008cd00000, 0x000000008ce00000|  0%| F|  |TAMS 0x000000008cd00000, 0x000000008cd00000| Untracked 
| 142|0x000000008ce00000, 0x000000008ce00000, 0x000000008cf00000|  0%| F|  |TAMS 0x000000008ce00000, 0x000000008ce00000| Untracked 
| 143|0x000000008cf00000, 0x000000008cf00000, 0x000000008d000000|  0%| F|  |TAMS 0x000000008cf00000, 0x000000008cf00000| Untracked 
| 144|0x000000008d000000, 0x000000008d000000, 0x000000008d100000|  0%| F|  |TAMS 0x000000008d000000, 0x000000008d000000| Untracked 
| 145|0x000000008d100000, 0x000000008d100000, 0x000000008d200000|  0%| F|  |TAMS 0x000000008d100000, 0x000000008d100000| Untracked 
| 146|0x000000008d200000, 0x000000008d200000, 0x000000008d300000|  0%| F|  |TAMS 0x000000008d200000, 0x000000008d200000| Untracked 
| 147|0x000000008d300000, 0x000000008d300000, 0x000000008d400000|  0%| F|  |TAMS 0x000000008d300000, 0x000000008d300000| Untracked 
| 148|0x000000008d400000, 0x000000008d400000, 0x000000008d500000|  0%| F|  |TAMS 0x000000008d400000, 0x000000008d400000| Untracked 
| 149|0x000000008d500000, 0x000000008d500000, 0x000000008d600000|  0%| F|  |TAMS 0x000000008d500000, 0x000000008d500000| Untracked 
| 150|0x000000008d600000, 0x000000008d600000, 0x000000008d700000|  0%| F|  |TAMS 0x000000008d600000, 0x000000008d600000| Untracked 
| 151|0x000000008d700000, 0x000000008d700000, 0x000000008d800000|  0%| F|  |TAMS 0x000000008d700000, 0x000000008d700000| Untracked 
| 152|0x000000008d800000, 0x000000008d800000, 0x000000008d900000|  0%| F|  |TAMS 0x000000008d800000, 0x000000008d800000| Untracked 
| 153|0x000000008d900000, 0x000000008d900000, 0x000000008da00000|  0%| F|  |TAMS 0x000000008d900000, 0x000000008d900000| Untracked 
| 154|0x000000008da00000, 0x000000008da00000, 0x000000008db00000|  0%| F|  |TAMS 0x000000008da00000, 0x000000008da00000| Untracked 
| 155|0x000000008db00000, 0x000000008db00000, 0x000000008dc00000|  0%| F|  |TAMS 0x000000008db00000, 0x000000008db00000| Untracked 
| 156|0x000000008dc00000, 0x000000008dc00000, 0x000000008dd00000|  0%| F|  |TAMS 0x000000008dc00000, 0x000000008dc00000| Untracked 
| 157|0x000000008dd00000, 0x000000008dd00000, 0x000000008de00000|  0%| F|  |TAMS 0x000000008dd00000, 0x000000008dd00000| Untracked 
| 158|0x000000008de00000, 0x000000008de00000, 0x000000008df00000|  0%| F|  |TAMS 0x000000008de00000, 0x000000008de00000| Untracked 
| 159|0x000000008df00000, 0x000000008df00000, 0x000000008e000000|  0%| F|  |TAMS 0x000000008df00000, 0x000000008df00000| Untracked 
| 160|0x000000008e000000, 0x000000008e000000, 0x000000008e100000|  0%| F|  |TAMS 0x000000008e000000, 0x000000008e000000| Untracked 
| 161|0x000000008e100000, 0x000000008e100000, 0x000000008e200000|  0%| F|  |TAMS 0x000000008e100000, 0x000000008e100000| Untracked 
| 162|0x000000008e200000, 0x000000008e200000, 0x000000008e300000|  0%| F|  |TAMS 0x000000008e200000, 0x000000008e200000| Untracked 
| 163|0x000000008e300000, 0x000000008e300000, 0x000000008e400000|  0%| F|  |TAMS 0x000000008e300000, 0x000000008e300000| Untracked 
| 164|0x000000008e400000, 0x000000008e400000, 0x000000008e500000|  0%| F|  |TAMS 0x000000008e400000, 0x000000008e400000| Untracked 
| 165|0x000000008e500000, 0x000000008e500000, 0x000000008e600000|  0%| F|  |TAMS 0x000000008e500000, 0x000000008e500000| Untracked 
| 166|0x000000008e600000, 0x000000008e600000, 0x000000008e700000|  0%| F|  |TAMS 0x000000008e600000, 0x000000008e600000| Untracked 
| 167|0x000000008e700000, 0x000000008e700000, 0x000000008e800000|  0%| F|  |TAMS 0x000000008e700000, 0x000000008e700000| Untracked 
| 168|0x000000008e800000, 0x000000008e800000, 0x000000008e900000|  0%| F|  |TAMS 0x000000008e800000, 0x000000008e800000| Untracked 
| 169|0x000000008e900000, 0x000000008e900000, 0x000000008ea00000|  0%| F|  |TAMS 0x000000008e900000, 0x000000008e900000| Untracked 
| 170|0x000000008ea00000, 0x000000008ea00000, 0x000000008eb00000|  0%| F|  |TAMS 0x000000008ea00000, 0x000000008ea00000| Untracked 
| 171|0x000000008eb00000, 0x000000008eb00000, 0x000000008ec00000|  0%| F|  |TAMS 0x000000008eb00000, 0x000000008eb00000| Untracked 
| 172|0x000000008ec00000, 0x000000008ec00000, 0x000000008ed00000|  0%| F|  |TAMS 0x000000008ec00000, 0x000000008ec00000| Untracked 
| 173|0x000000008ed00000, 0x000000008ed00000, 0x000000008ee00000|  0%| F|  |TAMS 0x000000008ed00000, 0x000000008ed00000| Untracked 
| 174|0x000000008ee00000, 0x000000008ee00000, 0x000000008ef00000|  0%| F|  |TAMS 0x000000008ee00000, 0x000000008ee00000| Untracked 
| 175|0x000000008ef00000, 0x000000008ef00000, 0x000000008f000000|  0%| F|  |TAMS 0x000000008ef00000, 0x000000008ef00000| Untracked 
| 176|0x000000008f000000, 0x000000008f000000, 0x000000008f100000|  0%| F|  |TAMS 0x000000008f000000, 0x000000008f000000| Untracked 
| 177|0x000000008f100000, 0x000000008f100000, 0x000000008f200000|  0%| F|  |TAMS 0x000000008f100000, 0x000000008f100000| Untracked 
| 178|0x000000008f200000, 0x000000008f200000, 0x000000008f300000|  0%| F|  |TAMS 0x000000008f200000, 0x000000008f200000| Untracked 
| 179|0x000000008f300000, 0x000000008f300000, 0x000000008f400000|  0%| F|  |TAMS 0x000000008f300000, 0x000000008f300000| Untracked 
| 180|0x000000008f400000, 0x000000008f400000, 0x000000008f500000|  0%| F|  |TAMS 0x000000008f400000, 0x000000008f400000| Untracked 
| 181|0x000000008f500000, 0x000000008f500000, 0x000000008f600000|  0%| F|  |TAMS 0x000000008f500000, 0x000000008f500000| Untracked 
| 182|0x000000008f600000, 0x000000008f600000, 0x000000008f700000|  0%| F|  |TAMS 0x000000008f600000, 0x000000008f600000| Untracked 
| 183|0x000000008f700000, 0x000000008f700000, 0x000000008f800000|  0%| F|  |TAMS 0x000000008f700000, 0x000000008f700000| Untracked 
| 184|0x000000008f800000, 0x000000008f800000, 0x000000008f900000|  0%| F|  |TAMS 0x000000008f800000, 0x000000008f800000| Untracked 
| 185|0x000000008f900000, 0x000000008f900000, 0x000000008fa00000|  0%| F|  |TAMS 0x000000008f900000, 0x000000008f900000| Untracked 
| 186|0x000000008fa00000, 0x000000008fa00000, 0x000000008fb00000|  0%| F|  |TAMS 0x000000008fa00000, 0x000000008fa00000| Untracked 
| 187|0x000000008fb00000, 0x000000008fb00000, 0x000000008fc00000|  0%| F|  |TAMS 0x000000008fb00000, 0x000000008fb00000| Untracked 
| 188|0x000000008fc00000, 0x000000008fc00000, 0x000000008fd00000|  0%| F|  |TAMS 0x000000008fc00000, 0x000000008fc00000| Untracked 
| 189|0x000000008fd00000, 0x000000008fd00000, 0x000000008fe00000|  0%| F|  |TAMS 0x000000008fd00000, 0x000000008fd00000| Untracked 
| 190|0x000000008fe00000, 0x000000008fe00000, 0x000000008ff00000|  0%| F|  |TAMS 0x000000008fe00000, 0x000000008fe00000| Untracked 

Card table byte_map: [0x000001f367ab0000,0x000001f367e90000] _byte_map_base: 0x000001f367690000

Marking Bits (Prev, Next): (CMBitMap*) 0x000001f354e51640, (CMBitMap*) 0x000001f354e51680
 Prev Bits: [0x000001f368270000, 0x000001f36a170000)
 Next Bits: [0x000001f36a170000, 0x000001f36c070000)

Polling page: 0x000001f352d20000

Metaspace:

Usage:
  Non-class:     10.12 MB used.
      Class:      1.08 MB used.
       Both:     11.20 MB used.

Virtual space:
  Non-class space:       16.00 MB reserved,      10.19 MB ( 64%) committed,  2 nodes.
      Class space:        1.00 GB reserved,       1.19 MB ( <1%) committed,  1 nodes.
              Both:        1.02 GB reserved,      11.38 MB (  1%) committed. 

Chunk freelists:
   Non-Class:  988.00 KB
       Class:  2.75 MB
        Both:  3.71 MB

MaxMetaspaceSize: 17179869184.00 GB
CompressedClassSpaceSize: 1.00 GB
 - commit_granule_bytes: 65536.
 - commit_granule_words: 8192.
 - virtual_space_node_default_size: 1048576.
 - enlarge_chunks_in_place: 1.
 - new_chunks_are_fully_committed: 0.
 - uncommit_free_chunks: 1.
 - use_allocation_guard: 0.
 - handle_deallocations: 1.


Internal statistics:

num_allocs_failed_limit: 0.
num_arena_births: 104.
num_arena_deaths: 0.
num_vsnodes_births: 3.
num_vsnodes_deaths: 0.
num_space_committed: 182.
num_space_uncommitted: 0.
num_chunks_returned_to_freelist: 0.
num_chunks_taken_from_freelist: 146.
num_chunk_merges: 0.
num_chunk_splits: 84.
num_chunks_enlarged: 43.
num_purges: 0.

CodeHeap 'non-profiled nmethods': size=120000Kb used=208Kb max_used=208Kb free=119791Kb
 bounds [0x000001f35fe60000, 0x000001f3600d0000, 0x000001f367390000]
CodeHeap 'profiled nmethods': size=120000Kb used=1007Kb max_used=1007Kb free=118992Kb
 bounds [0x000001f358930000, 0x000001f358ba0000, 0x000001f35fe60000]
CodeHeap 'non-nmethods': size=5760Kb used=1207Kb max_used=1207Kb free=4552Kb
 bounds [0x000001f358390000, 0x000001f358600000, 0x000001f358930000]
 total_blobs=1188 nmethods=693 adapters=408
 compilation: enabled
              stopped_count=0, restarted_count=0
 full_count=0

Compilation events (20 events):
Event: 0.486 Thread 0x000001f36f42cd40  680       3       sun.util.logging.PlatformLogger::isLoggable (23 bytes)
Event: 0.487 Thread 0x000001f36f42cd40 nmethod 680 0x000001f358a26210 code [0x000001f358a263e0, 0x000001f358a266b8]
Event: 0.487 Thread 0x000001f36f42cd40  681       3       jdk.internal.logger.AbstractLoggerWrapper::isLoggable (26 bytes)
Event: 0.487 Thread 0x000001f36f42cd40 nmethod 681 0x000001f358a26790 code [0x000001f358a26980, 0x000001f358a26ef8]
Event: 0.487 Thread 0x000001f36f42cd40  683   !   3       sun.awt.AppContext::get (123 bytes)
Event: 0.487 Thread 0x000001f36f42cd40 nmethod 683 0x000001f358a27090 code [0x000001f358a272c0, 0x000001f358a27d08]
Event: 0.487 Thread 0x000001f36f42cd40  682       3       jdk.internal.reflect.MagicAccessorImpl::<init> (5 bytes)
Event: 0.488 Thread 0x000001f36f42cd40 nmethod 682 0x000001f358a28090 code [0x000001f358a28240, 0x000001f358a28398]
Event: 0.492 Thread 0x000001f36f42cd40  684       3       java.util.ArrayList::add (25 bytes)
Event: 0.493 Thread 0x000001f36f42cd40 nmethod 684 0x000001f358a28490 code [0x000001f358a28660, 0x000001f358a28a88]
Event: 0.493 Thread 0x000001f36f42cd40  685       3       java.util.ArrayList::add (23 bytes)
Event: 0.493 Thread 0x000001f36f42cd40 nmethod 685 0x000001f358a28c90 code [0x000001f358a28e60, 0x000001f358a29208]
Event: 0.497 Thread 0x000001f36f42cd40  687       3       java.lang.String::equals (50 bytes)
Event: 0.497 Thread 0x000001f36f42cd40 nmethod 687 0x000001f358a29390 code [0x000001f358a29560, 0x000001f358a299a8]
Event: 0.497 Thread 0x000001f36f42cd40  688       3       java.lang.String::rangeCheck (9 bytes)
Event: 0.497 Thread 0x000001f36f42cd40 nmethod 688 0x000001f358a29a90 code [0x000001f358a29c40, 0x000001f358a29d68]
Event: 0.498 Thread 0x000001f36f42cd40  690       3       jdk.internal.org.objectweb.asm.SymbolTable::addTypeInternal (85 bytes)
Event: 0.498 Thread 0x000001f36f42cd40 nmethod 690 0x000001f358a29e10 code [0x000001f358a2a000, 0x000001f358a2a618]
Event: 0.498 Thread 0x000001f36f42cd40  693       3       jdk.internal.org.objectweb.asm.Type::getTypeInternal (199 bytes)
Event: 0.499 Thread 0x000001f36f42cd40 nmethod 693 0x000001f358a2a810 code [0x000001f358a2aae0, 0x000001f358a2b988]

GC Heap History (2 events):
Event: 0.502 GC heap before
{Heap before GC invocations=0 (full 0):
 garbage-first heap   total 126976K, used 7168K [0x0000000084000000, 0x0000000100000000)
  region size 1024K, 8 young (8192K), 0 survivors (0K)
 Metaspace       used 11468K, committed 11648K, reserved 1064960K
  class space    used 1105K, committed 1216K, reserved 1048576K
}
Event: 0.505 GC heap after
{Heap after GC invocations=1 (full 0):
 garbage-first heap   total 126976K, used 1829K [0x0000000084000000, 0x0000000100000000)
  region size 1024K, 2 young (2048K), 2 survivors (2048K)
 Metaspace       used 11468K, committed 11648K, reserved 1064960K
  class space    used 1105K, committed 1216K, reserved 1048576K
}

Deoptimization events (20 events):
Event: 0.242 Thread 0x000001f354e0f540 Uncommon trap: trap_request=0xffffff45 fr.pc=0x000001f35fe70f6c relative=0x000000000000042c
Event: 0.242 Thread 0x000001f354e0f540 Uncommon trap: reason=unstable_if action=reinterpret pc=0x000001f35fe70f6c method=java.lang.StringLatin1.replace([BCC)Ljava/lang/String; @ 19 c2
Event: 0.242 Thread 0x000001f354e0f540 DEOPT PACKING pc=0x000001f35fe70f6c sp=0x00000020ce5ff4c0
Event: 0.242 Thread 0x000001f354e0f540 DEOPT UNPACKING pc=0x000001f3583df92e sp=0x00000020ce5ff430 mode 2
Event: 0.312 Thread 0x000001f354e0f540 Uncommon trap: trap_request=0xffffff45 fr.pc=0x000001f35fe71e14 relative=0x0000000000000174
Event: 0.312 Thread 0x000001f354e0f540 Uncommon trap: reason=unstable_if action=reinterpret pc=0x000001f35fe71e14 method=java.lang.StringCoding.hasNegatives([BII)Z @ 12 c2
Event: 0.312 Thread 0x000001f354e0f540 DEOPT PACKING pc=0x000001f35fe71e14 sp=0x00000020ce5fcde0
Event: 0.312 Thread 0x000001f354e0f540 DEOPT UNPACKING pc=0x000001f3583df92e sp=0x00000020ce5fcd88 mode 2
Event: 0.482 Thread 0x000001f354e0f540 Uncommon trap: trap_request=0xffffff45 fr.pc=0x000001f35fe7c6f4 relative=0x00000000000000d4
Event: 0.482 Thread 0x000001f354e0f540 Uncommon trap: reason=unstable_if action=reinterpret pc=0x000001f35fe7c6f4 method=java.util.HashMap.hash(Ljava/lang/Object;)I @ 1 c2
Event: 0.482 Thread 0x000001f354e0f540 DEOPT PACKING pc=0x000001f35fe7c6f4 sp=0x00000020ce5fef80
Event: 0.482 Thread 0x000001f354e0f540 DEOPT UNPACKING pc=0x000001f3583df92e sp=0x00000020ce5feec0 mode 2
Event: 0.486 Thread 0x000001f354e0f540 Uncommon trap: trap_request=0xffffff45 fr.pc=0x000001f35fe70320 relative=0x0000000000000180
Event: 0.486 Thread 0x000001f354e0f540 Uncommon trap: reason=unstable_if action=reinterpret pc=0x000001f35fe70320 method=java.lang.String.equals(Ljava/lang/Object;)Z @ 33 c2
Event: 0.486 Thread 0x000001f354e0f540 DEOPT PACKING pc=0x000001f35fe70320 sp=0x00000020ce5ff440
Event: 0.486 Thread 0x000001f354e0f540 DEOPT UNPACKING pc=0x000001f3583df92e sp=0x00000020ce5ff3e0 mode 2
Event: 0.487 Thread 0x000001f354e0f540 Uncommon trap: trap_request=0xffffff45 fr.pc=0x000001f35fe76ab4 relative=0x0000000000000094
Event: 0.487 Thread 0x000001f354e0f540 Uncommon trap: reason=unstable_if action=reinterpret pc=0x000001f35fe76ab4 method=java.util.HashMap.hash(Ljava/lang/Object;)I @ 1 c2
Event: 0.487 Thread 0x000001f354e0f540 DEOPT PACKING pc=0x000001f35fe76ab4 sp=0x00000020ce5ff060
Event: 0.487 Thread 0x000001f354e0f540 DEOPT UNPACKING pc=0x000001f3583df92e sp=0x00000020ce5feff8 mode 2

Classes unloaded (0 events):
No events

Classes redefined (0 events):
No events

Internal exceptions (18 events):
Event: 0.209 Thread 0x000001f354e0f540 Exception <a 'java/lang/NoSuchMethodError'{0x000000008b825e60}: 'void java.lang.invoke.DirectMethodHandle$Holder.invokeSpecial(java.lang.Object, java.lang.Object, java.lang.Object)'> (0x000000008b825e60) 
thrown [t:\workspace\open\src\hotspot\share\interpreter\linkResolver.cpp, line 790]
Event: 0.221 Thread 0x000001f354e0f540 Exception <a 'java/lang/NoSuchMethodError'{0x000000008b8b36f8}: 'void java.lang.invoke.DirectMethodHandle$Holder.invokeSpecial(java.lang.Object, java.lang.Object, java.lang.Object, java.lang.Object, java.lang.Object)'> (0x000000008b8b36f8) 
thrown [t:\workspace\open\src\hotspot\share\interpreter\linkResolver.cpp, line 790]
Event: 0.225 Thread 0x000001f354e0f540 Exception <a 'java/lang/NoSuchMethodError'{0x000000008b8c6320}: 'java.lang.Object java.lang.invoke.DirectMethodHandle$Holder.invokeInterface(java.lang.Object, java.lang.Object)'> (0x000000008b8c6320) 
thrown [t:\workspace\open\src\hotspot\share\interpreter\linkResolver.cpp, line 790]
Event: 0.225 Thread 0x000001f354e0f540 Exception <a 'java/lang/IncompatibleClassChangeError'{0x000000008b8c9a70}: Found class java.lang.Object, but interface was expected> (0x000000008b8c9a70) 
thrown [t:\workspace\open\src\hotspot\share\interpreter\linkResolver.cpp, line 857]
Event: 0.227 Thread 0x000001f354e0f540 Exception <a 'java/lang/NoSuchMethodError'{0x000000008b8cc898}: 'void java.lang.invoke.DirectMethodHandle$Holder.invokeStatic(java.lang.Object, java.lang.Object, java.lang.Object, java.lang.Object)'> (0x000000008b8cc898) 
thrown [t:\workspace\open\src\hotspot\share\interpreter\linkResolver.cpp, line 790]
Event: 0.279 Thread 0x000001f354e0f540 Exception <a 'java/lang/ClassNotFoundException'{0x000000008b7914c8}: sun/awt/resources/spi/awtProvider> (0x000000008b7914c8) 
thrown [t:\workspace\open\src\hotspot\share\classfile\systemDictionary.cpp, line 256]
Event: 0.313 Thread 0x000001f354e0f540 Exception <a 'java/io/FileNotFoundException'{0x000000008b7e7450}> (0x000000008b7e7450) 
thrown [t:\workspace\open\src\hotspot\share\prims\jni.cpp, line 579]
Event: 0.322 Thread 0x000001f354e0f540 Exception <a 'java/io/FileNotFoundException'{0x000000008b6166c0}> (0x000000008b6166c0) 
thrown [t:\workspace\open\src\hotspot\share\prims\jni.cpp, line 579]
Event: 0.323 Thread 0x000001f354e0f540 Exception <a 'java/lang/NoSuchMethodError'{0x000000008b617c20}: 'java.lang.Object java.lang.invoke.DirectMethodHandle$Holder.invokeStatic(java.lang.Object)'> (0x000000008b617c20) 
thrown [t:\workspace\open\src\hotspot\share\interpreter\linkResolver.cpp, line 790]
Event: 0.372 Thread 0x000001f354e0f540 Exception <a 'java/lang/NoSuchMethodError'{0x000000008b65e380}: 'java.lang.Object java.lang.invoke.DirectMethodHandle$Holder.invokeStaticInit(java.lang.Object)'> (0x000000008b65e380) 
thrown [t:\workspace\open\src\hotspot\share\interpreter\linkResolver.cpp, line 790]
Event: 0.433 Thread 0x000001f354e0f540 Exception <a 'java/lang/NoSuchMethodError'{0x000000008b543d18}: 'java.lang.Object java.lang.invoke.DirectMethodHandle$Holder.newInvokeSpecial(java.lang.Object, java.lang.Object, java.lang.Object, java.lang.Object, java.lang.Object)'> (0x000000008b543d18) 
thrown [t:\workspace\open\src\hotspot\share\interpreter\linkResolver.cpp, line 790]
Event: 0.435 Thread 0x000001f354e0f540 Exception <a 'java/lang/NoSuchMethodError'{0x000000008b54f800}: 'java.lang.Object java.lang.invoke.DirectMethodHandle$Holder.invokeStatic(java.lang.Object, int, java.lang.Object, java.lang.Object, java.lang.Object, java.lang.Object)'> (0x000000008b54f800) 
thrown [t:\workspace\open\src\hotspot\share\interpreter\linkResolver.cpp, line 790]
Event: 0.441 Thread 0x000001f354e0f540 Exception <a 'java/lang/NoSuchMethodError'{0x000000008b575e20}: 'java.lang.Object java.lang.invoke.DirectMethodHandle$Holder.invokeStatic(java.lang.Object, int, java.lang.Object)'> (0x000000008b575e20) 
thrown [t:\workspace\open\src\hotspot\share\interpreter\linkResolver.cpp, line 790]
Event: 0.477 Thread 0x000001f354e0f540 Exception <a 'java/lang/ClassNotFoundException'{0x000000008b42de48}: com/sun/swing/internal/plaf/metal/resources/spi/metalProvider> (0x000000008b42de48) 
thrown [t:\workspace\open\src\hotspot\share\classfile\systemDictionary.cpp, line 256]
Event: 0.478 Thread 0x000001f354e0f540 Exception <a 'java/lang/ClassNotFoundException'{0x000000008b433e50}: com/sun/swing/internal/plaf/basic/resources/spi/basicProvider> (0x000000008b433e50) 
thrown [t:\workspace\open\src\hotspot\share\classfile\systemDictionary.cpp, line 256]
Event: 0.482 Thread 0x000001f354e0f540 Implicit null exception at 0x000001f35fe7c658 to 0x000001f35fe7c6ea
Event: 0.487 Thread 0x000001f354e0f540 Implicit null exception at 0x000001f35fe76a2f to 0x000001f35fe76aa5
Event: 0.497 Thread 0x000001f36facdfa0 Exception <a 'java/lang/NoSuchMethodError'{0x000000008b4826b8}: 'java.lang.Object java.lang.invoke.DirectMethodHandle$Holder.newInvokeSpecial(java.lang.Object, java.lang.Object, java.lang.Object, int, int, int, int, int)'> (0x000000008b4826b8) 
thrown [t:\workspace\open\src\hotspot\share\interpreter\linkResolver.cpp, line 790]

Events (20 events):
Event: 0.494 loading class sun/awt/image/JPEGImageDecoder done
Event: 0.494 loading class sun/awt/image/JPEGImageDecoder$1
Event: 0.494 loading class sun/awt/image/JPEGImageDecoder$1 done
Event: 0.496 Loaded shared library C:\Users\Lenovo\.p2\pool\plugins\org.eclipse.justj.openjdk.hotspot.jre.full.win32.x86_64_16.0.2.v20210721-1149\jre\bin\javajpeg.dll
Event: 0.500 loading class java/awt/image/Raster
Event: 0.500 loading class java/awt/image/Raster done
Event: 0.500 loading class java/awt/image/DataBufferInt
Event: 0.501 loading class java/awt/image/DataBuffer
Event: 0.501 loading class java/awt/image/DataBuffer done
Event: 0.501 loading class java/awt/image/DataBufferInt done
Event: 0.501 loading class java/awt/image/DataBuffer$1
Event: 0.501 loading class sun/awt/image/SunWritableRaster$DataStealer
Event: 0.501 loading class sun/awt/image/SunWritableRaster$DataStealer done
Event: 0.501 loading class java/awt/image/DataBuffer$1 done
Event: 0.501 loading class sun/awt/image/SunWritableRaster
Event: 0.501 loading class java/awt/image/WritableRaster
Event: 0.501 loading class java/awt/image/WritableRaster done
Event: 0.501 loading class sun/awt/image/SunWritableRaster done
Event: 0.501 Executing  VM operation: G1TryInitiateConcMark
Event: 0.505 Executing  VM operation: G1TryInitiateConcMark done


Dynamic libraries:
0x00007ff738f40000 - 0x00007ff738f4e000 	C:\Users\Lenovo\.p2\pool\plugins\org.eclipse.justj.openjdk.hotspot.jre.full.win32.x86_64_16.0.2.v20210721-1149\jre\bin\javaw.exe
0x00007ff85cb70000 - 0x00007ff85cd65000 	C:\WINDOWS\SYSTEM32\ntdll.dll
0x00007ff85abc0000 - 0x00007ff85ac7e000 	C:\WINDOWS\System32\KERNEL32.DLL
0x00007ff85a430000 - 0x00007ff85a6f8000 	C:\WINDOWS\System32\KERNELBASE.dll
0x00007ff85a700000 - 0x00007ff85a800000 	C:\WINDOWS\System32\ucrtbase.dll
0x00007ff837de0000 - 0x00007ff837df8000 	C:\Users\Lenovo\.p2\pool\plugins\org.eclipse.justj.openjdk.hotspot.jre.full.win32.x86_64_16.0.2.v20210721-1149\jre\bin\jli.dll
0x00007ff830a30000 - 0x00007ff830a49000 	C:\Users\Lenovo\.p2\pool\plugins\org.eclipse.justj.openjdk.hotspot.jre.full.win32.x86_64_16.0.2.v20210721-1149\jre\bin\VCRUNTIME140.dll
0x00007ff85c020000 - 0x00007ff85c1c1000 	C:\WINDOWS\System32\USER32.dll
0x00007ff85a8b0000 - 0x00007ff85a8d2000 	C:\WINDOWS\System32\win32u.dll
0x00007ff85b650000 - 0x00007ff85b67b000 	C:\WINDOWS\System32\GDI32.dll
0x00007ff8445b0000 - 0x00007ff84484a000 	C:\WINDOWS\WinSxS\amd64_microsoft.windows.common-controls_6595b64144ccf1df_6.0.19041.1110_none_60b5254171f9507e\COMCTL32.dll
0x00007ff85a290000 - 0x00007ff85a39b000 	C:\WINDOWS\System32\gdi32full.dll
0x00007ff85bf80000 - 0x00007ff85c01e000 	C:\WINDOWS\System32\msvcrt.dll
0x00007ff85aa40000 - 0x00007ff85aadd000 	C:\WINDOWS\System32\msvcp_win.dll
0x00007ff85beb0000 - 0x00007ff85bee0000 	C:\WINDOWS\System32\IMM32.DLL
0x00007ff83ddf0000 - 0x00007ff83ddfc000 	C:\Users\Lenovo\.p2\pool\plugins\org.eclipse.justj.openjdk.hotspot.jre.full.win32.x86_64_16.0.2.v20210721-1149\jre\bin\vcruntime140_1.dll
0x00007ff830990000 - 0x00007ff830a21000 	C:\Users\Lenovo\.p2\pool\plugins\org.eclipse.justj.openjdk.hotspot.jre.full.win32.x86_64_16.0.2.v20210721-1149\jre\bin\msvcp140.dll
0x00007ffffde40000 - 0x00007ffffe9eb000 	C:\Users\Lenovo\.p2\pool\plugins\org.eclipse.justj.openjdk.hotspot.jre.full.win32.x86_64_16.0.2.v20210721-1149\jre\bin\server\jvm.dll
0x00007ff85bb10000 - 0x00007ff85bbbc000 	C:\WINDOWS\System32\ADVAPI32.dll
0x00007ff85bee0000 - 0x00007ff85bf7b000 	C:\WINDOWS\System32\sechost.dll
0x00007ff85b440000 - 0x00007ff85b56a000 	C:\WINDOWS\System32\RPCRT4.dll
0x00007ff85bdb0000 - 0x00007ff85bdb8000 	C:\WINDOWS\System32\PSAPI.DLL
0x00007ff8407a0000 - 0x00007ff8407c7000 	C:\WINDOWS\SYSTEM32\WINMM.dll
0x00007ff8499c0000 - 0x00007ff8499ca000 	C:\WINDOWS\SYSTEM32\VERSION.dll
0x00007ff850760000 - 0x00007ff850769000 	C:\WINDOWS\SYSTEM32\WSOCK32.dll
0x00007ff85cac0000 - 0x00007ff85cb2b000 	C:\WINDOWS\System32\WS2_32.dll
0x00007ff858b60000 - 0x00007ff858b72000 	C:\WINDOWS\SYSTEM32\kernel.appcore.dll
0x00007ff8400f0000 - 0x00007ff8400fa000 	C:\Users\Lenovo\.p2\pool\plugins\org.eclipse.justj.openjdk.hotspot.jre.full.win32.x86_64_16.0.2.v20210721-1149\jre\bin\jimage.dll
0x00007ff8587a0000 - 0x00007ff858984000 	C:\WINDOWS\SYSTEM32\DBGHELP.DLL
0x00007ff8430d0000 - 0x00007ff8430fc000 	C:\WINDOWS\SYSTEM32\dbgcore.DLL
0x00007ff85ab30000 - 0x00007ff85abb3000 	C:\WINDOWS\System32\bcryptPrimitives.dll
0x00007ff82c080000 - 0x00007ff82c0a5000 	C:\Users\Lenovo\.p2\pool\plugins\org.eclipse.justj.openjdk.hotspot.jre.full.win32.x86_64_16.0.2.v20210721-1149\jre\bin\java.dll
0x00007ff8302e0000 - 0x00007ff8302f8000 	C:\Users\Lenovo\.p2\pool\plugins\org.eclipse.justj.openjdk.hotspot.jre.full.win32.x86_64_16.0.2.v20210721-1149\jre\bin\zip.dll
0x00007ff85c1d0000 - 0x00007ff85c90f000 	C:\WINDOWS\System32\SHELL32.dll
0x00007ff857ef0000 - 0x00007ff858680000 	C:\WINDOWS\SYSTEM32\windows.storage.dll
0x00007ff85b790000 - 0x00007ff85bae5000 	C:\WINDOWS\System32\combase.dll
0x00007ff859ce0000 - 0x00007ff859d0e000 	C:\WINDOWS\SYSTEM32\Wldp.dll
0x00007ff85b680000 - 0x00007ff85b72d000 	C:\WINDOWS\System32\SHCORE.dll
0x00007ff85b730000 - 0x00007ff85b785000 	C:\WINDOWS\System32\shlwapi.dll
0x00007ff85a1d0000 - 0x00007ff85a1ef000 	C:\WINDOWS\SYSTEM32\profapi.dll
0x00007ff82dfe0000 - 0x00007ff82dff9000 	C:\Users\Lenovo\.p2\pool\plugins\org.eclipse.justj.openjdk.hotspot.jre.full.win32.x86_64_16.0.2.v20210721-1149\jre\bin\net.dll
0x00007ff851c80000 - 0x00007ff851d8c000 	C:\WINDOWS\SYSTEM32\WINHTTP.dll
0x00007ff859a40000 - 0x00007ff859aaa000 	C:\WINDOWS\system32\mswsock.dll
0x00007ff82c060000 - 0x00007ff82c073000 	C:\Users\Lenovo\.p2\pool\plugins\org.eclipse.justj.openjdk.hotspot.jre.full.win32.x86_64_16.0.2.v20210721-1149\jre\bin\nio.dll
0x00007ff8125f0000 - 0x00007ff81276f000 	C:\Users\Lenovo\.p2\pool\plugins\org.eclipse.justj.openjdk.hotspot.jre.full.win32.x86_64_16.0.2.v20210721-1149\jre\bin\awt.dll
0x00007ff85bce0000 - 0x00007ff85bdad000 	C:\WINDOWS\System32\OLEAUT32.dll
0x00007ff854430000 - 0x00007ff8544c0000 	C:\WINDOWS\SYSTEM32\apphelp.dll
0x00007ff8548c0000 - 0x00007ff8548ef000 	C:\WINDOWS\system32\DWMAPI.DLL
0x00007ff854580000 - 0x00007ff85461e000 	C:\WINDOWS\system32\uxtheme.dll
0x00007ff845900000 - 0x00007ff845a25000 	C:\WINDOWS\system32\opengl32.dll
0x00007ff848c00000 - 0x00007ff848c2c000 	C:\WINDOWS\SYSTEM32\GLU32.dll
0x00007ff85bbc0000 - 0x00007ff85bcd5000 	C:\WINDOWS\System32\MSCTF.dll
0x00007ff85acf0000 - 0x00007ff85ae1a000 	C:\WINDOWS\System32\ole32.dll
0x00007ff830960000 - 0x00007ff83098d000 	C:\Users\Lenovo\.p2\pool\plugins\org.eclipse.justj.openjdk.hotspot.jre.full.win32.x86_64_16.0.2.v20210721-1149\jre\bin\javajpeg.dll

dbghelp: loaded successfully - version: 4.0.5 - missing functions: none
symbol engine: initialized successfully - sym options: 0x614 - pdb path: .;C:\Users\Lenovo\.p2\pool\plugins\org.eclipse.justj.openjdk.hotspot.jre.full.win32.x86_64_16.0.2.v20210721-1149\jre\bin;C:\WINDOWS\SYSTEM32;C:\WINDOWS\WinSxS\amd64_microsoft.windows.common-controls_6595b64144ccf1df_6.0.19041.1110_none_60b5254171f9507e;C:\Users\Lenovo\.p2\pool\plugins\org.eclipse.justj.openjdk.hotspot.jre.full.win32.x86_64_16.0.2.v20210721-1149\jre\bin\server

VM Arguments:
jvm_args: -Dfile.encoding=GBK --module-path=D:\java实验\mysql-connector-java-8.0.27\mysql-connector-java-8.0.27.jar;D:\java实验\mysql-connector-java-8.0.27-bin.jar -XX:+ShowCodeDetailsInExceptionMessages 
java_command: mypackage.Menu
java_class_path (initial): D:\java实验\Mypackage\bin
Launcher Type: SUN_STANDARD

[Global flags]
     intx CICompilerCount                          = 4                                         {product} {ergonomic}
     uint ConcGCThreads                            = 2                                         {product} {ergonomic}
     uint G1ConcRefinementThreads                  = 8                                         {product} {ergonomic}
   size_t G1HeapRegionSize                         = 1048576                                   {product} {ergonomic}
    uintx GCDrainStackTargetSize                   = 64                                        {product} {ergonomic}
   size_t InitialHeapSize                          = 130023424                                 {product} {ergonomic}
   size_t MarkStackSize                            = 4194304                                   {product} {ergonomic}
   size_t MaxHeapSize                              = 2080374784                                {product} {ergonomic}
   size_t MaxNewSize                               = 1247805440                                {product} {ergonomic}
   size_t MinHeapDeltaBytes                        = 1048576                                   {product} {ergonomic}
   size_t MinHeapSize                              = 8388608                                   {product} {ergonomic}
    uintx NonNMethodCodeHeapSize                   = 5839372                                {pd product} {ergonomic}
    uintx NonProfiledCodeHeapSize                  = 122909434                              {pd product} {ergonomic}
    uintx ProfiledCodeHeapSize                     = 122909434                              {pd product} {ergonomic}
    uintx ReservedCodeCacheSize                    = 251658240                              {pd product} {ergonomic}
     bool SegmentedCodeCache                       = true                                      {product} {ergonomic}
     bool ShowCodeDetailsInExceptionMessages       = true                                   {manageable} {command line}
   size_t SoftMaxHeapSize                          = 2080374784                             {manageable} {ergonomic}
     bool UseCompressedClassPointers               = true                           {product lp64_product} {ergonomic}
     bool UseCompressedOops                        = true                           {product lp64_product} {ergonomic}
     bool UseG1GC                                  = true                                      {product} {ergonomic}
     bool UseLargePagesIndividualAllocation        = false                                  {pd product} {ergonomic}

Logging:
Log output configuration:
 #0: stdout all=warning uptime,level,tags
 #1: stderr all=off uptime,level,tags

Environment Variables:
JAVA_HOME=D:\jdk1.8
PATH=C:/Users/Lenovo/.p2/pool/plugins/org.eclipse.justj.openjdk.hotspot.jre.full.win32.x86_64_16.0.2.v20210721-1149/jre/bin/server;C:/Users/Lenovo/.p2/pool/plugins/org.eclipse.justj.openjdk.hotspot.jre.full.win32.x86_64_16.0.2.v20210721-1149/jre/bin;C:\Program Files (x86)\Common Files\Oracle\Java\javapath;C:\ProgramData\Oracle\Java\javapath;"D:\jdk1.8\bin;C:\ProgramData\Oracle\Java\javapath";D:\;C:\Windows\system32;C:\Windows;C:\Windows\System32\Wbem;C:\Windows\System32\WindowsPowerShell\v1.0\;C:\Windows\System32\OpenSSH\;C:\Program Files (x86)\NVIDIA Corporation\PhysX\Common;C:\Program Files\NVIDIA Corporation\NVIDIA NvDLISR;C:\WINDOWS\system32;C:\WINDOWS;C:\WINDOWS\System32\Wbem;C:\WINDOWS\System32\WindowsPowerShell\v1.0\;C:\WINDOWS\System32\OpenSSH\;D:\20190081223\mysql-5.5.53-winx64;D:\20190081223\php-5.6.28-Win32-VC11-x64;D:\20190081223\php-5.6.28-Win32-VC11-x64\ext;C:\Users\Lenovo\AppData\Local\Programs\Python\Python37\Scripts\;C:\Users\Lenovo\AppData\Local\Programs\Python\Python37\;C:\Users\Lenovo\AppData\Local\Microsoft\WindowsApps;;C:\Users\Lenovo\Desktop;
USERNAME=Lenovo
OS=Windows_NT
PROCESSOR_IDENTIFIER=Intel64 Family 6 Model 126 Stepping 5, GenuineIntel



---------------  S Y S T E M  ---------------

OS:
 Windows 10 , 64 bit Build 19041 (10.0.19041.1348)
OS uptime: 2 days 15:16 hours

CPU: total 8 (initial active 8) (4 cores per cpu, 2 threads per core) family 6 model 126 stepping 5 microcode 0x32, cx8, cmov, fxsr, ht, mmx, 3dnowpref, sse, sse2, sse3, ssse3, sse4.1, sse4.2, popcnt, lzcnt, tsc, tscinvbit, avx, avx2, aes, erms, clmul, bmi1, bmi2, adx, avx512f, avx512dq, avx512cd, avx512bw, avx512vl, sha, fma, vzeroupper, avx512_vpopcntdq, avx512_vpclmulqdq, avx512_vaes, avx512_vnni, clflush, clflushopt, avx512_vmbi2, avx512_vmbi

Memory: 4k page, system-wide physical 7935M (1796M free)
TotalPageFile size 32511M (AvailPageFile size 5M)
current process WorkingSet (physical memory assigned to process): 59M, peak: 59M
current process commit charge ("private bytes"): 282M, peak: 282M

vm_info: OpenJDK 64-Bit Server VM (16.0.2+7-67) for windows-amd64 JRE (16.0.2+7-67), built on Jun  8 2021 23:21:43 by "mach5one" with MS VC++ 16.7 (VS2019)

END.
